C51 COMPILER V9.00   MAIN                                                                  08/26/2015 19:02:42 PAGE 1   


C51 COMPILER V9.00, COMPILATION OF MODULE MAIN
OBJECT MODULE PLACED IN .\obj\main.obj
COMPILER INVOKED BY: D:\MCU\Keil_uVision4\C51\BIN\C51.EXE source\main.c BROWSE DEBUG OBJECTEXTEND PRINT(.\main.lst) OBJE
                    -CT(.\obj\main.obj)

line level    source

   1          /***************************************************************************
   2          【版权声明】
   3          Copyright(C) All Rights Reserved by Changhao Huang (HuangChangHao@gmail.com)
   4          版权所有者：黄长浩 HuangChangHao@gmail.com
   5          
   6          未经作者书面授权，不可以将本程序此程序用于任何商业目的。
   7          用于学习与参考目的，请在引用处注明版权和作者信息。
   8          ****************************************************************************/
   9          
  10          //STC11F04E 1T , 4MHz晶振
  11          
  12          #include <reg52.h>
  13          #include "nrf24L01Node.h"
  14          
  15          sbit LED = P3^7;
  16          
  17          sfr AUXR = 0x8E;
  18          
  19          
  20          void initINT0(void)
  21          {
  22   1              EA=1;
  23   1              EX0=1; // Enable int0 interrupt.
  24   1      }
  25          
  26          
  27          //NRF24L01开始进入接收模式
  28          void startRecv()
  29          {
  30   1              unsigned char myAddr[5]= {53, 69, 149, 231, 1}; //本节点的接收地址
  31   1              nrfSetRxMode( 96, 5, myAddr);
  32   1      }
  33          
  34          
  35          void main()
  36          {
  37   1      
  38   1              AUXR = AUXR|0x80;  // T0, 1T Mode
  39   1              
  40   1              //
  41   1              LED = 1;
  42   1              
  43   1              //初始化INT0 
  44   1              initINT0();
  45   1      
  46   1              //初始化24L01
  47   1              nrf24L01Init();
  48   1              
  49   1              //进入接受状态
  50   1              startRecv();
  51   1              
  52   1              while(1)
  53   1              {
  54   2              }
C51 COMPILER V9.00   MAIN                                                                  08/26/2015 19:02:42 PAGE 2   

  55   1      }
  56          
  57          
  58          
  59          //外部中断0处理程序
  60          //用于处理来自24L01的中断
  61          void interrupt24L01(void) interrupt 0
  62          {
  63   1              unsigned char * receivedData;
  64   1              
  65   1              //获取接收到的数据
  66   1              receivedData = nrfGetReceivedData();
  67   1              
  68   1              LED = (*(receivedData+1) == 1)?0:1;
  69   1              
  70   1      }


MODULE INFORMATION:   STATIC OVERLAYABLE
   CODE SIZE        =    127    ----
   CONSTANT SIZE    =      5    ----
   XDATA SIZE       =   ----    ----
   PDATA SIZE       =   ----    ----
   DATA SIZE        =   ----       5
   IDATA SIZE       =   ----    ----
   BIT SIZE         =   ----    ----
END OF MODULE INFORMATION.


C51 COMPILATION COMPLETE.  0 WARNING(S),  0 ERROR(S)
