C51 COMPILER V9.00   MAIN                                                                  08/26/2015 19:13:45 PAGE 1   


C51 COMPILER V9.00, COMPILATION OF MODULE MAIN
OBJECT MODULE PLACED IN .\obj\main.obj
COMPILER INVOKED BY: D:\MCU\Keil_uVision4\C51\BIN\C51.EXE source\main.c BROWSE DEBUG OBJECTEXTEND PRINT(.\main.lst) OBJE
                    -CT(.\obj\main.obj)

line level    source

   1          /***************************************************************************
   2          【版权声明】
   3          Copyright(C) All Rights Reserved by Changhao Huang (HuangChangHao@gmail.com)
   4          版权所有者：黄长浩 HuangChangHao@gmail.com
   5          
   6          未经作者书面授权，不可以将本程序此程序用于任何商业目的。
   7          用于学习与参考目的，请在引用处注明版权和作者信息。
   8          ****************************************************************************/
   9          
  10          //STC11F04E 1T , 4MHz晶振
  11          
  12          #include <reg52.h>
  13          #include "nrf24L01Node.h"
  14          
  15          unsigned char onOff = 1;
  16          
  17          sfr AUXR = 0x8E;
  18          
  19          // Node ID
  20          #define NODE_ID 250
  21          
  22          void delay100ms(void)   //误差 0us
  23          {
  24   1          unsigned char a,b,c;
  25   1          for(c=4;c>0;c--)
  26   1              for(b=116;b>0;b--)
  27   1                  for(a=214;a>0;a--);
  28   1      }
  29          
  30          void delay500ms(void)   //误差 0us
  31          {
  32   1          unsigned char a,b,c;
  33   1          for(c=167;c>0;c--)
  34   1              for(b=171;b>0;b--)
  35   1                  for(a=16;a>0;a--);
  36   1      }
  37          
  38          void delay1s(void)   //误差 0us
  39          {
  40   1          unsigned char a,b,c;
  41   1          for(c=127;c>0;c--)
  42   1              for(b=235;b>0;b--)
  43   1                  for(a=32;a>0;a--);
  44   1      }
  45          
  46          
  47          void delay2s(void)   //误差 0us
  48          {
  49   1          unsigned char a,b,c;
  50   1          for(c=252;c>0;c--)
  51   1              for(b=230;b>0;b--)
  52   1                  for(a=33;a>0;a--);
  53   1      }
  54          
C51 COMPILER V9.00   MAIN                                                                  08/26/2015 19:13:45 PAGE 2   

  55          void initINT0(void)
  56          {
  57   1              EA=1;
  58   1              EX0=1; // Enable int0 interrupt.
  59   1      }
  60          
  61          
  62          
  63          //发送数据
  64          void sendData()
  65          {
  66   1              unsigned char sendData[16];
  67   1              //unsigned char toAddr[5]= {53, 69, 149, 231, 231}; //Pi
  68   1              unsigned char toAddr[5]= {53, 69, 149, 231, 1};
  69   1              unsigned char tmp;
  70   1              
  71   1              sendData[0] = NODE_ID;//Node ID
  72   1              sendData[1] = onOff;
  73   1      
  74   1              tmp = nrfSendData( 96, 5, toAddr, 16, sendData);//Pi, 96频道，5字节地址，接收16字节
  75   1      
  76   1      
  77   1      }
  78          
  79          
  80          void main()
  81          {
  82   1      
  83   1              AUXR = AUXR|0x80;  // T0, 1T Mode       
  84   1              
  85   1              //初始化INT0 
  86   1              initINT0();
  87   1      
  88   1              //初始化24L01
  89   1              nrf24L01Init();
  90   1              
  91   1              //初始化onOff
  92   1              onOff=1;
  93   1              
  94   1              
  95   1              while(1)
  96   1              {
  97   2                      onOff=1;
  98   2                      sendData();
  99   2                      delay100ms();
 100   2                      
 101   2                      onOff=0;
 102   2                      sendData();
 103   2                      delay2s();
 104   2                      //onOff = onOff==1?0:1; 
 105   2              }
 106   1      }


MODULE INFORMATION:   STATIC OVERLAYABLE
   CODE SIZE        =    142    ----
   CONSTANT SIZE    =      5    ----
   XDATA SIZE       =   ----    ----
   PDATA SIZE       =   ----    ----
   DATA SIZE        =      1      22
   IDATA SIZE       =   ----    ----
   BIT SIZE         =   ----    ----
C51 COMPILER V9.00   MAIN                                                                  08/26/2015 19:13:45 PAGE 3   

END OF MODULE INFORMATION.


C51 COMPILATION COMPLETE.  0 WARNING(S),  0 ERROR(S)
